[2021-12-02 22:58:28:5828] [32minfo[39m: [32mYou are now listening to the smooth sounds of port: 4000[39m
[2021-12-02 22:58:28:5828] [32minfo[39m: [32mConnected to Postgres[39m
[2021-12-03 00:39:45:3945] [32minfo[39m: [32mYou are now listening to the smooth sounds of port: 4000[39m
[2021-12-03 00:39:45:3945] [32minfo[39m: [32mConnected to Postgres[39m
[2021-12-03 00:40:31:4031] [34mhttp[39m: [34mGET /api/v1/favorite 200 294 - 32.854 ms[39m
[34m[39m
[2021-12-03 00:41:21:4121] [32minfo[39m: [32mYou are now listening to the smooth sounds of port: 4000[39m
[2021-12-03 00:41:21:4121] [32minfo[39m: [32mConnected to Postgres[39m
[2021-12-03 00:41:40:4140] [34mhttp[39m: [34mPOST /api/v1/favorite 200 146 - 36.055 ms[39m
[34m[39m
[2021-12-03 00:41:51:4151] [34mhttp[39m: [34mGET /api/v1/favorite 200 441 - 11.395 ms[39m
[34m[39m
[2021-12-03 14:44:28:4428] [32minfo[39m: [32mYou are now listening to the smooth sounds of port: 4000[39m
[2021-12-03 14:44:28:4428] [32minfo[39m: [32mConnected to Postgres[39m
[2021-12-03 14:44:33:4433] [34mhttp[39m: [34mGET /api/v1/currency/products 404 163 - 2.651 ms[39m
[34m[39m
[2021-12-03 14:45:05:455] [34mhttp[39m: [34mGET /api/v1/currency/products 404 163 - 1.188 ms[39m
[34m[39m
[2021-12-03 14:45:17:4517] [34mhttp[39m: [34mGET /api/v1/currency/products 404 163 - 0.472 ms[39m
[34m[39m
[2021-12-03 14:50:33:5033] [34mhttp[39m: [34mGET /api/v1/products 404 154 - 0.478 ms[39m
[34m[39m
[2021-12-03 14:51:42:5142] [34mhttp[39m: [34mGET /api/v1/products 404 154 - 0.380 ms[39m
[34m[39m
[2021-12-03 14:52:12:5212] [34mhttp[39m: [34mGET /api/v1/currency 200 1179 - 648.314 ms[39m
[34m[39m
[2021-12-03 14:52:31:5231] [34mhttp[39m: [34mGET /api/v1/currency 200 127 - 165.597 ms[39m
[34m[39m
[2021-12-03 14:53:08:538] [34mhttp[39m: [34mGET /api/v1/products 404 154 - 0.305 ms[39m
[34m[39m
[2021-12-03 14:53:39:5339] [34mhttp[39m: [34mGET /api/v1/products 404 154 - 0.489 ms[39m
[34m[39m
[2021-12-03 14:54:19:5419] [34mhttp[39m: [34mGET /api/v1/products 404 154 - 0.325 ms[39m
[34m[39m
[2021-12-03 14:54:30:5430] [34mhttp[39m: [34mGET /api/v1/products 404 154 - 0.667 ms[39m
[34m[39m
[2021-12-03 14:55:22:5522] [34mhttp[39m: [34mGET /api/v1/products 404 154 - 0.298 ms[39m
[34m[39m
[2021-12-03 14:56:03:563] [34mhttp[39m: [34mGET /api/v1/health/products 404 161 - 0.386 ms[39m
[34m[39m
[2021-12-03 15:06:21:621] [32minfo[39m: [32mYou are now listening to the smooth sounds of port: 4000[39m
[2021-12-03 15:06:21:621] [32minfo[39m: [32mConnected to Postgres[39m
[2021-12-03 22:15:52:1552] [32minfo[39m: [32mYou are now listening to the smooth sounds of port: 4000[39m
[2021-12-03 22:15:52:1552] [31merror[39m: [31mconnect ECONNREFUSED ::1:5432[39m
[2021-12-03 22:20:38:2038] [32minfo[39m: [32mYou are now listening to the smooth sounds of port: 4000[39m
[2021-12-03 22:20:38:2038] [32minfo[39m: [32mConnected to Postgres[39m
[2021-12-03 22:20:53:2053] [34mhttp[39m: [34mGET /api/v1/products 200 176087 - 427.544 ms[39m
[34m[39m
[2021-12-03 22:21:23:2123] [34mhttp[39m: [34mGET /api/v1/products/BTC-USD 404 162 - 1.403 ms[39m
[34m[39m
[2021-12-03 22:22:29:2229] [34mhttp[39m: [34mGET /api/v1/products/ 200 176087 - 257.979 ms[39m
[34m[39m
[2021-12-03 23:53:32:5332] [32minfo[39m: [32mYou are now listening to the smooth sounds of port: 4000[39m
[2021-12-03 23:53:33:5333] [32minfo[39m: [32mConnected to Postgres[39m
[2021-12-03 23:54:50:5450] [32minfo[39m: [32mYou are now listening to the smooth sounds of port: 4000[39m
[2021-12-03 23:54:51:5451] [32minfo[39m: [32mConnected to Postgres[39m
[2021-12-03 23:55:29:5529] [34mhttp[39m: [34mPOST /api/v1/favorite 200 140 - 27.820 ms[39m
[34m[39m
[2021-12-04 22:24:53:2453] [32minfo[39m: [32mYou are now listening to the smooth sounds of port: 4000[39m
[2021-12-04 22:24:53:2453] [31merror[39m: [31mconnect ECONNREFUSED ::1:5432[39m
[2021-12-04 22:25:16:2516] [32minfo[39m: [32mYou are now listening to the smooth sounds of port: 4000[39m
[2021-12-04 22:25:16:2516] [32minfo[39m: [32mConnected to Postgres[39m
[2021-12-04 22:29:40:2940] [34mhttp[39m: [34mGET /api/v1/favorite 200 582 - 42.105 ms[39m
[34m[39m
[2021-12-04 22:29:57:2957] [34mhttp[39m: [34mGET /api/v1/favorite 304 - - 12.106 ms[39m
[34m[39m
[2021-12-04 22:30:50:3050] [34mhttp[39m: [34mGET /api/v1/favorite 304 - - 24.067 ms[39m
[34m[39m
[2021-12-04 22:30:53:3053] [34mhttp[39m: [34mGET /api/v1/favorite 304 - - 3.726 ms[39m
[34m[39m
[2021-12-04 22:31:10:3110] [34mhttp[39m: [34mGET /api/v1/favorite - - - - ms[39m
[34m[39m
[2021-12-04 22:31:13:3113] [34mhttp[39m: [34mGET /api/v1/favorite 200 582 - 4.868 ms[39m
[34m[39m
[2021-12-04 22:32:00:320] [34mhttp[39m: [34mGET /api/v1/favorite 304 - - 6.516 ms[39m
[34m[39m
[2021-12-04 22:32:50:3250] [34mhttp[39m: [34mGET /api/v1/favorite 304 - - 11.679 ms[39m
[34m[39m
[2021-12-04 22:33:46:3346] [34mhttp[39m: [34mGET /api/v1/favorite 304 - - 21.317 ms[39m
[34m[39m
[2021-12-04 22:34:12:3412] [34mhttp[39m: [34mGET /api/v1/favorite 304 - - 14.484 ms[39m
[34m[39m
[2021-12-04 22:38:17:3817] [34mhttp[39m: [34mGET /api/v1/favorite 304 - - 19.440 ms[39m
[34m[39m
[2021-12-04 22:53:09:539] [34mhttp[39m: [34mGET /api/v1/favorite 304 - - 21.211 ms[39m
[34m[39m
[2021-12-04 22:54:26:5426] [34mhttp[39m: [34mGET /api/v1/favorite 304 - - 20.795 ms[39m
[34m[39m
[2021-12-04 22:55:56:5556] [34mhttp[39m: [34mGET /api/v1/favorite 304 - - 8.620 ms[39m
[34m[39m
[2021-12-04 22:56:56:5656] [34mhttp[39m: [34mGET /api/v1/favorite 304 - - 49.052 ms[39m
[34m[39m
